From (19, 175) to (19, 175)
From (19, 175) to (19, 175)
From (19, 175) to (19, 175)
From (19, 175) to (19, 175)
From (15, 185) to (15, 185)
From (15, 185) to (15, 185)
From (15, 185) to (15, 185)
From (15, 185) to (15, 185)
From (7, 345) to (7, 345)
From (7, 345) to (7, 345)
From (7, 345) to (7, 345)
From (7, 345) to (7, 345)
From (9, 445) to (9, 445)
From (9, 445) to (9, 445)
From (9, 445) to (9, 445)
From (9, 445) to (9, 445)
From (17, 455) to (17, 455)
From (17, 455) to (17, 455)
From (17, 455) to (17, 455)
From (17, 455) to (17, 455)
From (19, 531) to (19, 531)
From (19, 531) to (19, 531)
From (19, 531) to (19, 531)
From (19, 531) to (19, 531)
From (15, 769) to (15, 769)
From (15, 769) to (15, 769)
From (15, 769) to (15, 769)
From (15, 769) to (15, 769)
From (19, 795) to (19, 795)
From (19, 795) to (19, 795)
From (19, 795) to (19, 795)
From (19, 795) to (19, 795)
From (15, 847) to (15, 847)
From (15, 847) to (15, 847)
From (15, 847) to (15, 847)
From (15, 847) to (15, 847)
From (13, 1001) to (13, 1001)
From (13, 1001) to (13, 1001)
From (13, 1001) to (13, 1001)
From (13, 1001) to (13, 1001)
From (9, 1063) to (9, 1063)
From (9, 1063) to (9, 1063)
From (9, 1063) to (9, 1063)
From (9, 1063) to (9, 1063)
From (11, 1349) to (11, 1349)
From (11, 1349) to (11, 1349)
From (11, 1349) to (11, 1349)
From (11, 1349) to (11, 1349)
From (11, 1431) to (11, 1431)
From (11, 1431) to (11, 1431)
From (11, 1431) to (11, 1431)
From (11, 1431) to (11, 1431)
From (21, 1473) to (21, 1473)
From (21, 1473) to (21, 1473)
From (21, 1473) to (21, 1473)
From (21, 1473) to (21, 1473)
From (7, 1493) to (7, 1493)
From (7, 1493) to (7, 1493)
From (7, 1493) to (7, 1493)
From (7, 1493) to (7, 1493)
From (13, 1571) to (13, 1571)
From (13, 1571) to (13, 1571)
From (13, 1571) to (13, 1571)
From (13, 1571) to (13, 1571)
From (15, 1671) to (15, 1671)
From (15, 1671) to (15, 1671)
From (15, 1671) to (15, 1671)
From (15, 1671) to (15, 1671)
From (13, 1709) to (13, 1709)
From (13, 1709) to (13, 1709)
From (13, 1709) to (13, 1709)
From (13, 1709) to (13, 1709)
From (19, 1769) to (19, 1769)
From (19, 1769) to (19, 1769)
From (19, 1769) to (19, 1769)
From (19, 1769) to (19, 1769)
From (5, 1823) to (5, 1823)
From (5, 1823) to (5, 1823)
From (5, 1823) to (5, 1823)
From (5, 1823) to (5, 1823)
From (7, 1977) to (7, 1977)
From (7, 1977) to (7, 1977)
From (7, 1977) to (7, 1977)
From (7, 1977) to (7, 1977)
From (7, 2089) to (7, 2089)
From (7, 2089) to (7, 2089)
From (7, 2089) to (7, 2089)
From (7, 2089) to (7, 2089)
From (21, 2555) to (21, 2555)
From (21, 2555) to (21, 2555)
From (21, 2555) to (21, 2555)
From (21, 2555) to (21, 2555)
From (15, 2621) to (15, 2621)
From (15, 2621) to (15, 2621)
From (15, 2621) to (15, 2621)
From (15, 2621) to (15, 2621)
From (9, 2665) to (9, 2665)
From (9, 2665) to (9, 2665)
From (9, 2665) to (9, 2665)
From (9, 2665) to (9, 2665)
From (13, 2995) to (13, 2995)
From (13, 2995) to (13, 2995)
From (13, 2995) to (13, 2995)
From (13, 2995) to (13, 2995)
From (11, 3133) to (11, 3133)
From (11, 3133) to (11, 3133)
From (11, 3133) to (11, 3133)
From (11, 3133) to (11, 3133)
From (13, 3155) to (13, 3155)
From (13, 3155) to (13, 3155)
From (13, 3155) to (13, 3155)
From (13, 3155) to (13, 3155)
From (13, 4259) to (13, 4259)
From (13, 4259) to (13, 4259)
From (13, 4259) to (13, 4259)
From (13, 4259) to (13, 4259)
From (11, 4447) to (11, 4447)
From (11, 4447) to (11, 4447)
From (11, 4447) to (11, 4447)
From (11, 4447) to (11, 4447)
From (13, 4477) to (13, 4477)
From (13, 4477) to (13, 4477)
From (13, 4477) to (13, 4477)
From (13, 4477) to (13, 4477)
From (17, 4485) to (17, 4485)
From (17, 4485) to (17, 4485)
From (17, 4485) to (17, 4485)
From (17, 4485) to (17, 4485)
From (5, 4603) to (5, 4603)
From (5, 4603) to (5, 4603)
From (5, 4603) to (5, 4603)
From (5, 4603) to (5, 4603)
From (15, 4635) to (15, 4635)
From (15, 4635) to (15, 4635)
From (15, 4635) to (15, 4635)
From (15, 4635) to (15, 4635)
From (13, 4731) to (13, 4731)
From (13, 4731) to (13, 4731)
From (13, 4731) to (13, 4731)
From (13, 4731) to (13, 4731)
From (5, 4945) to (5, 4945)
From (5, 4945) to (5, 4945)
From (5, 4945) to (5, 4945)
From (5, 4945) to (5, 4945)
From (7, 5189) to (7, 5189)
From (7, 5189) to (7, 5189)
From (7, 5189) to (7, 5189)
From (7, 5189) to (7, 5189)
From (9, 5285) to (9, 5285)
From (9, 5285) to (9, 5285)
From (9, 5285) to (9, 5285)
From (9, 5285) to (9, 5285)
From (11, 5429) to (11, 5429)
From (11, 5429) to (11, 5429)
From (11, 5429) to (11, 5429)
From (11, 5429) to (11, 5429)
From (5, 5453) to (5, 5453)
From (5, 5453) to (5, 5453)
From (5, 5453) to (5, 5453)
From (5, 5453) to (5, 5453)
From (11, 5627) to (11, 5627)
From (11, 5627) to (11, 5627)
From (11, 5627) to (11, 5627)
From (11, 5627) to (11, 5627)
From (15, 5677) to (15, 5677)
From (15, 5677) to (15, 5677)
From (15, 5677) to (15, 5677)
From (15, 5677) to (15, 5677)
From (11, 5687) to (11, 5687)
From (11, 5687) to (11, 5687)
From (11, 5687) to (11, 5687)
From (11, 5687) to (11, 5687)
From (11, 5805) to (11, 5805)
From (11, 5805) to (11, 5805)
From (11, 5805) to (11, 5805)
From (11, 5805) to (11, 5805)
From (15, 5915) to (15, 5915)
From (15, 5915) to (15, 5915)
From (15, 5915) to (15, 5915)
From (15, 5915) to (15, 5915)
From (17, 5989) to (17, 5989)
From (17, 5989) to (17, 5989)
From (17, 5989) to (17, 5989)
From (17, 5989) to (17, 5989)
From (19, 6061) to (19, 6061)
From (19, 6061) to (19, 6061)
From (19, 6061) to (19, 6061)
From (19, 6061) to (19, 6061)
From (5, 6145) to (5, 6145)
From (5, 6145) to (5, 6145)
From (5, 6145) to (5, 6145)
From (5, 6145) to (5, 6145)
From (13, 6169) to (13, 6169)
From (13, 6169) to (13, 6169)
From (13, 6169) to (13, 6169)
From (13, 6169) to (13, 6169)
From (7, 6213) to (7, 6213)
From (7, 6213) to (7, 6213)
From (7, 6213) to (7, 6213)
From (7, 6213) to (7, 6213)
From (5, 6299) to (5, 6299)
From (5, 6299) to (5, 6299)
From (5, 6299) to (5, 6299)
From (5, 6299) to (5, 6299)
From (7, 6537) to (7, 6537)
From (7, 6537) to (7, 6537)
From (7, 6537) to (7, 6537)
From (7, 6537) to (7, 6537)
From (13, 6673) to (13, 6673)
From (13, 6673) to (13, 6673)
From (13, 6673) to (13, 6673)
From (13, 6673) to (13, 6673)
From (13, 6693) to (13, 6693)
From (13, 6693) to (13, 6693)
From (13, 6693) to (13, 6693)
From (13, 6693) to (13, 6693)
From (3, 6743) to (3, 6743)
From (3, 6743) to (3, 6743)
From (3, 6743) to (3, 6743)
From (3, 6743) to (3, 6743)
From (11, 7049) to (11, 7049)
From (11, 7049) to (11, 7049)
From (11, 7049) to (11, 7049)
From (11, 7049) to (11, 7049)
From (7, 7109) to (7, 7109)
From (7, 7109) to (7, 7109)
From (7, 7109) to (7, 7109)
From (7, 7109) to (7, 7109)
From (11, 7141) to (11, 7141)
From (11, 7141) to (11, 7141)
From (11, 7141) to (11, 7141)
From (11, 7141) to (11, 7141)
From (7, 7273) to (7, 7273)
From (7, 7273) to (7, 7273)
From (7, 7273) to (7, 7273)
From (7, 7273) to (7, 7273)
From (13, 7489) to (13, 7489)
From (13, 7489) to (13, 7489)
From (13, 7489) to (13, 7489)
From (13, 7489) to (13, 7489)
From (11, 7651) to (11, 7651)
From (11, 7651) to (11, 7651)
From (11, 7651) to (11, 7651)
From (11, 7651) to (11, 7651)
From (19, 7687) to (19, 7687)
From (19, 7687) to (19, 7687)
From (19, 7687) to (19, 7687)
From (19, 7687) to (19, 7687)
From (11, 7825) to (11, 7825)
From (11, 7825) to (11, 7825)
From (11, 7825) to (11, 7825)
From (11, 7825) to (11, 7825)
From (13, 7871) to (13, 7871)
From (13, 7871) to (13, 7871)
From (13, 7871) to (13, 7871)
From (13, 7871) to (13, 7871)
From (15, 7971) to (15, 7971)
From (15, 7971) to (15, 7971)
From (15, 7971) to (15, 7971)
From (15, 7971) to (15, 7971)
From (19, 8205) to (19, 8205)
From (19, 8205) to (19, 8205)
From (19, 8205) to (19, 8205)
From (19, 8205) to (19, 8205)
From (5, 8291) to (5, 8291)
From (5, 8291) to (5, 8291)
From (5, 8291) to (5, 8291)
From (5, 8291) to (5, 8291)
From (13, 8393) to (13, 8393)
From (13, 8393) to (13, 8393)
From (13, 8393) to (13, 8393)
From (13, 8393) to (13, 8393)
From (9, 8459) to (9, 8459)
From (9, 8459) to (9, 8459)
From (9, 8459) to (9, 8459)
From (9, 8459) to (9, 8459)
From (7, 8663) to (7, 8663)
From (7, 8663) to (7, 8663)
From (7, 8663) to (7, 8663)
From (7, 8663) to (7, 8663)
From (19, 8709) to (19, 8709)
From (19, 8709) to (19, 8709)
From (19, 8709) to (19, 8709)
From (19, 8709) to (19, 8709)
From (5, 9297) to (5, 9297)
From (5, 9297) to (5, 9297)
From (5, 9297) to (5, 9297)
From (5, 9297) to (5, 9297)
From (9, 9377) to (9, 9377)
From (9, 9377) to (9, 9377)
From (9, 9377) to (9, 9377)
From (9, 9377) to (9, 9377)
From (17, 9435) to (17, 9435)
From (17, 9435) to (17, 9435)
From (17, 9435) to (17, 9435)
From (17, 9435) to (17, 9435)
From (17, 9519) to (17, 9519)
From (17, 9519) to (17, 9519)
From (17, 9519) to (17, 9519)
From (17, 9519) to (17, 9519)
From (9, 9671) to (9, 9671)
From (9, 9671) to (9, 9671)
From (9, 9671) to (9, 9671)
From (9, 9671) to (9, 9671)
From (11, 9827) to (11, 9827)
From (11, 9827) to (11, 9827)
From (11, 9827) to (11, 9827)
From (11, 9827) to (11, 9827)
From (11, 9951) to (11, 9951)
From (11, 9951) to (11, 9951)
From (11, 9951) to (11, 9951)
From (11, 9951) to (11, 9951)
